Using pre-set license
Built from '2021.3/staging' branch; Version is '2021.3.7f1 (24e8595d6d43) revision 2418777'; Using compiler version '192829333'; Build Type 'Release'
OS: 'Windows 10  (10.0.19043) 64bit Professional' Language: 'ko' Physical Memory: 16322 MB
BatchMode: 1, IsHumanControllingUs: 0, StartBugReporterOnCrash: 0, Is64bit: 1, IsPro: 1

COMMAND LINE ARGUMENTS:
C:\Program Files\Unity\Hub\Editor\2021.3.7f1\Editor\Unity.exe
-adb2
-batchMode
-noUpm
-name
AssetImportWorker2
-projectPath
C:/Users/admin/Documents/GitHub/ALL2
-logFile
Logs/AssetImportWorker2.log
-srvPort
53654
Successfully changed project path to: C:/Users/admin/Documents/GitHub/ALL2
C:/Users/admin/Documents/GitHub/ALL2
[UnityMemory] Configuration Parameters - Can be set up in boot.config
    "memorysetup-bucket-allocator-granularity=16"
    "memorysetup-bucket-allocator-bucket-count=8"
    "memorysetup-bucket-allocator-block-size=33554432"
    "memorysetup-bucket-allocator-block-count=8"
    "memorysetup-main-allocator-block-size=16777216"
    "memorysetup-thread-allocator-block-size=16777216"
    "memorysetup-gfx-main-allocator-block-size=16777216"
    "memorysetup-gfx-thread-allocator-block-size=16777216"
    "memorysetup-cache-allocator-block-size=4194304"
    "memorysetup-typetree-allocator-block-size=2097152"
    "memorysetup-profiler-bucket-allocator-granularity=16"
    "memorysetup-profiler-bucket-allocator-bucket-count=8"
    "memorysetup-profiler-bucket-allocator-block-size=33554432"
    "memorysetup-profiler-bucket-allocator-block-count=8"
    "memorysetup-profiler-allocator-block-size=16777216"
    "memorysetup-profiler-editor-allocator-block-size=1048576"
    "memorysetup-temp-allocator-size-main=16777216"
    "memorysetup-job-temp-allocator-block-size=2097152"
    "memorysetup-job-temp-allocator-block-size-background=1048576"
    "memorysetup-job-temp-allocator-reduction-small-platforms=262144"
    "memorysetup-temp-allocator-size-background-worker=32768"
    "memorysetup-temp-allocator-size-job-worker=262144"
    "memorysetup-temp-allocator-size-preload-manager=33554432"
    "memorysetup-temp-allocator-size-nav-mesh-worker=65536"
    "memorysetup-temp-allocator-size-audio-worker=65536"
    "memorysetup-temp-allocator-size-cloud-worker=32768"
    "memorysetup-temp-allocator-size-gi-baking-worker=262144"
    "memorysetup-temp-allocator-size-gfx=262144"
Refreshing native plugins compatible for Editor in 78.00 ms, found 3 plugins.
Preloading 0 native plugins for Editor in 0.00 ms.
Initialize engine version: 2021.3.7f1 (24e8595d6d43)
[Subsystems] Discovering subsystems at path C:/Program Files/Unity/Hub/Editor/2021.3.7f1/Editor/Data/Resources/UnitySubsystems
[Subsystems] Discovering subsystems at path C:/Users/admin/Documents/GitHub/ALL2/Assets
GfxDevice: creating device client; threaded=0; jobified=0
Direct3D:
    Version:  Direct3D 11.0 [level 11.1]
    Renderer: NVIDIA GeForce GTX 1660 SUPER (ID=0x21c4)
    Vendor:   NVIDIA
    VRAM:     5991 MB
    Driver:   27.21.14.5751
Initialize mono
Mono path[0] = 'C:/Program Files/Unity/Hub/Editor/2021.3.7f1/Editor/Data/Managed'
Mono path[1] = 'C:/Program Files/Unity/Hub/Editor/2021.3.7f1/Editor/Data/MonoBleedingEdge/lib/mono/unityjit-win32'
Mono config path = 'C:/Program Files/Unity/Hub/Editor/2021.3.7f1/Editor/Data/MonoBleedingEdge/etc'
Using monoOptions --debugger-agent=transport=dt_socket,embedding=1,server=y,suspend=n,address=127.0.0.1:56160
Begin MonoManager ReloadAssembly
Registering precompiled unity dll's ...
Register platform support module: C:/Program Files/Unity/Hub/Editor/2021.3.7f1/Editor/Data/PlaybackEngines/AndroidPlayer/UnityEditor.Android.Extensions.dll
Register platform support module: C:/Program Files/Unity/Hub/Editor/2021.3.7f1/Editor/Data/PlaybackEngines/WindowsStandaloneSupport/UnityEditor.WindowsStandalone.Extensions.dll
Registered in 0.018627 seconds.
Native extension for WindowsStandalone target not found
Native extension for Android target not found
Refreshing native plugins compatible for Editor in 74.64 ms, found 3 plugins.
Preloading 0 native plugins for Editor in 0.00 ms.
Mono: successfully reloaded assembly
- Completed reload, in  0.664 seconds
Domain Reload Profiling:
	ReloadAssembly (665ms)
		BeginReloadAssembly (114ms)
			ExecutionOrderSort (0ms)
			DisableScriptedObjects (0ms)
			BackupInstance (0ms)
			ReleaseScriptingObjects (0ms)
			CreateAndSetChildDomain (1ms)
		EndReloadAssembly (423ms)
			LoadAssemblies (108ms)
			RebuildTransferFunctionScriptingTraits (0ms)
			SetupTypeCache (99ms)
			ReleaseScriptCaches (0ms)
			RebuildScriptCaches (25ms)
			SetupLoadedEditorAssemblies (249ms)
				LogAssemblyErrors (0ms)
				InitializePlatformSupportModulesInManaged (53ms)
				SetLoadedEditorAssemblies (1ms)
				RefreshPlugins (75ms)
				BeforeProcessingInitializeOnLoad (1ms)
				ProcessInitializeOnLoadAttributes (81ms)
				ProcessInitializeOnLoadMethodAttributes (38ms)
				AfterProcessingInitializeOnLoad (0ms)
				EditorAssembliesLoaded (0ms)
			ExecutionOrderSort2 (0ms)
			AwakeInstancesAfterBackupRestoration (0ms)
Platform modules already initialized, skipping
Registering precompiled user dll's ...
Registered in 0.009190 seconds.
Begin MonoManager ReloadAssembly
Symbol file LoadedFromMemory doesn't match image C:\Users\admin\Documents\GitHub\ALL2\Library\PackageCache\com.unity.visualscripting@1.7.8\Editor\VisualScripting.Core\Dependencies\YamlDotNet\Unity.VisualScripting.YamlDotNet.dll
Symbol file LoadedFromMemory doesn't match image C:\Users\admin\Documents\GitHub\ALL2\Library\PackageCache\com.unity.visualscripting@1.7.8\Editor\VisualScripting.Core\Dependencies\DotNetZip\Unity.VisualScripting.IonicZip.dll
Native extension for WindowsStandalone target not found
Native extension for Android target not found
Refreshing native plugins compatible for Editor in 0.51 ms, found 3 plugins.
Preloading 0 native plugins for Editor in 0.00 ms.
Mono: successfully reloaded assembly
- Completed reload, in  1.119 seconds
Domain Reload Profiling:
	ReloadAssembly (1120ms)
		BeginReloadAssembly (241ms)
			ExecutionOrderSort (0ms)
			DisableScriptedObjects (5ms)
			BackupInstance (0ms)
			ReleaseScriptingObjects (0ms)
			CreateAndSetChildDomain (132ms)
		EndReloadAssembly (762ms)
			LoadAssemblies (109ms)
			RebuildTransferFunctionScriptingTraits (0ms)
			SetupTypeCache (228ms)
			ReleaseScriptCaches (1ms)
			RebuildScriptCaches (43ms)
			SetupLoadedEditorAssemblies (365ms)
				LogAssemblyErrors (0ms)
				InitializePlatformSupportModulesInManaged (17ms)
				SetLoadedEditorAssemblies (0ms)
				RefreshPlugins (1ms)
				BeforeProcessingInitializeOnLoad (103ms)
				ProcessInitializeOnLoadAttributes (202ms)
				ProcessInitializeOnLoadMethodAttributes (25ms)
				AfterProcessingInitializeOnLoad (17ms)
				EditorAssembliesLoaded (0ms)
			ExecutionOrderSort2 (0ms)
			AwakeInstancesAfterBackupRestoration (6ms)
Platform modules already initialized, skipping
========================================================================
Worker process is ready to serve import requests
Launched and connected shader compiler UnityShaderCompiler.exe after 0.03 seconds
Refreshing native plugins compatible for Editor in 0.59 ms, found 3 plugins.
Preloading 0 native plugins for Editor in 0.00 ms.
Unloading 3382 Unused Serialized files (Serialized files now loaded: 0)
Unloading 27 unused Assets / (111.5 KB). Loaded Objects now: 3848.
Memory consumption went from 118.3 MB to 118.2 MB.
Total: 3.971200 ms (FindLiveObjects: 0.351200 ms CreateObjectMapping: 0.261800 ms MarkObjects: 3.260600 ms  DeleteObjects: 0.096800 ms)

AssetImportParameters requested are different than current active one (requested -> active):
  custom:video-decoder-ogg-theora: a1e56fd34408186e4bbccfd4996cb3dc -> 
  custom:container-muxer-webm: aa71ff27fc2769a1b78a27578f13a17b -> 
  custom:container-demuxer-webm: 4f35f7cbe854078d1ac9338744f61a02 -> 
  custom:video-encoder-webm-vp8: eb34c28f22e8b96e1ab97ce403110664 -> 
  custom:audio-encoder-webm-vorbis: bf7c407c2cedff20999df2af8eb42d56 -> 
  custom:framework-win-MediaFoundation: 216162199b28c13a410421893ffa2e32 -> 
  custom:container-demuxer-ogg: 62fdf1f143b41e24485cea50d1cbac27 -> 
  custom:video-decoder-webm-vp8: 9c59270c3fd7afecdb556c50c9e8de78 -> 
  custom:audio-decoder-ogg-vorbis: bf7c407c2cedff20999df2af8eb42d56 -> 
========================================================================
Received Import Request.
  Time since last request: 331808.430009 seconds.
  path: Assets/escape room/Game GUI Vol1/Playful/PNG/Star.png
  artifactKey: Guid(a728ff734cbe48b4f9d3e6f70dcad9c0) Importer(815301076,1909f56bfc062723c751e8b465ee728b)
Start importing Assets/escape room/Game GUI Vol1/Playful/PNG/Star.png using Guid(a728ff734cbe48b4f9d3e6f70dcad9c0) Importer(815301076,1909f56bfc062723c751e8b465ee728b)  -> (artifact id: 'c8e12b15e13423cb28b3f2f6665b960d') in 0.108009 seconds 
========================================================================
Received Import Request.
  Time since last request: 0.000013 seconds.
  path: Assets/escape room/Game GUI Vol1/LazyDay/PNG/Minus.png
  artifactKey: Guid(844852e6c6c19624c96197468ab45eaa) Importer(815301076,1909f56bfc062723c751e8b465ee728b)
Start importing Assets/escape room/Game GUI Vol1/LazyDay/PNG/Minus.png using Guid(844852e6c6c19624c96197468ab45eaa) Importer(815301076,1909f56bfc062723c751e8b465ee728b)  -> (artifact id: '11bc669b23755e6df590e12a602f20b8') in 0.015635 seconds 
========================================================================
Received Import Request.
  Time since last request: 0.000017 seconds.
  path: Assets/escape room/Game GUI Vol1/LazyDay/PNG/Forward.png
  artifactKey: Guid(485e67fbf2e351647a3998f81e5dce1a) Importer(815301076,1909f56bfc062723c751e8b465ee728b)
Start importing Assets/escape room/Game GUI Vol1/LazyDay/PNG/Forward.png using Guid(485e67fbf2e351647a3998f81e5dce1a) Importer(815301076,1909f56bfc062723c751e8b465ee728b)  -> (artifact id: '75adc46e8bdaad85fad2a1b62d2b4921') in 0.018716 seconds 
========================================================================
Received Import Request.
  Time since last request: 0.000023 seconds.
  path: Assets/escape room/Game GUI Vol1/LazyDay/PNG/QuestionMark.png
  artifactKey: Guid(5910051e9c6bab248b3b761c4d6a7800) Importer(815301076,1909f56bfc062723c751e8b465ee728b)
Start importing Assets/escape room/Game GUI Vol1/LazyDay/PNG/QuestionMark.png using Guid(5910051e9c6bab248b3b761c4d6a7800) Importer(815301076,1909f56bfc062723c751e8b465ee728b)  -> (artifact id: '0fc91403f17e2b7ec4ec89e06e1c2b98') in 0.016439 seconds 
========================================================================
Received Import Request.
  Time since last request: 0.000016 seconds.
  path: Assets/escape room/Game GUI Vol1/LazyDay/PNG/Backward.png
  artifactKey: Guid(438f9c635bc111e4eb65e15f1f5dca00) Importer(815301076,1909f56bfc062723c751e8b465ee728b)
Start importing Assets/escape room/Game GUI Vol1/LazyDay/PNG/Backward.png using Guid(438f9c635bc111e4eb65e15f1f5dca00) Importer(815301076,1909f56bfc062723c751e8b465ee728b)  -> (artifact id: '810b15189ebb9405019e2203fc40e474') in 0.014026 seconds 
========================================================================
Received Import Request.
  Time since last request: 0.000027 seconds.
  path: Assets/escape room/Game GUI Vol1/WoodenBlocks/PNG/GooglePlus.png
  artifactKey: Guid(ce13d0b848fc035468d534efb7d512dc) Importer(815301076,1909f56bfc062723c751e8b465ee728b)
Start importing Assets/escape room/Game GUI Vol1/WoodenBlocks/PNG/GooglePlus.png using Guid(ce13d0b848fc035468d534efb7d512dc) Importer(815301076,1909f56bfc062723c751e8b465ee728b)  -> (artifact id: 'b0ddf7ae477e4d905ffe03ae3cf4f94c') in 0.017266 seconds 
========================================================================
Received Import Request.
  Time since last request: 0.000015 seconds.
  path: Assets/escape room/Game GUI Vol1/PurpleRock/PNG/Facebook.png
  artifactKey: Guid(a78c77d464ff4f3499c42c647aaca5c4) Importer(815301076,1909f56bfc062723c751e8b465ee728b)
Start importing Assets/escape room/Game GUI Vol1/PurpleRock/PNG/Facebook.png using Guid(a78c77d464ff4f3499c42c647aaca5c4) Importer(815301076,1909f56bfc062723c751e8b465ee728b)  -> (artifact id: 'd9143025b3268b902490930182d097c9') in 0.017124 seconds 
========================================================================
Received Import Request.
  Time since last request: 0.000021 seconds.
  path: Assets/escape room/Game GUI Vol1/WoodenBlocks/PNG/Dollar.png
  artifactKey: Guid(9f12eeaa41bdf64438c73135e50f08f6) Importer(815301076,1909f56bfc062723c751e8b465ee728b)
Start importing Assets/escape room/Game GUI Vol1/WoodenBlocks/PNG/Dollar.png using Guid(9f12eeaa41bdf64438c73135e50f08f6) Importer(815301076,1909f56bfc062723c751e8b465ee728b)  -> (artifact id: '051addf76a41abadcc13de57dd0ccc4b') in 0.013225 seconds 
========================================================================
Received Import Request.
  Time since last request: 0.000016 seconds.
  path: Assets/escape room/Game GUI Vol1/LazyDay/PNG/Star.png
  artifactKey: Guid(86466d604bc0dac4ead76a92b46e54e6) Importer(815301076,1909f56bfc062723c751e8b465ee728b)
Start importing Assets/escape room/Game GUI Vol1/LazyDay/PNG/Star.png using Guid(86466d604bc0dac4ead76a92b46e54e6) Importer(815301076,1909f56bfc062723c751e8b465ee728b)  -> (artifact id: '1aec4087df54f46921e01ee05cd84cf1') in 0.016329 seconds 
========================================================================
Received Import Request.
  Time since last request: 0.000016 seconds.
  path: Assets/escape room/Game GUI Vol1/LazyDay/PNG/LeftArrow2.png
  artifactKey: Guid(03e2b597bb44a7a4da1a8e69a02f543c) Importer(815301076,1909f56bfc062723c751e8b465ee728b)
Start importing Assets/escape room/Game GUI Vol1/LazyDay/PNG/LeftArrow2.png using Guid(03e2b597bb44a7a4da1a8e69a02f543c) Importer(815301076,1909f56bfc062723c751e8b465ee728b)  -> (artifact id: '43d3dedbe002b571c35b830eda31a117') in 0.014905 seconds 
========================================================================
Received Import Request.
  Time since last request: 0.000017 seconds.
  path: Assets/escape room/Game GUI Vol1/WoodenBlocks/PNG/Star.png
  artifactKey: Guid(1baa83bf7c9bb984f8d67a38db908e81) Importer(815301076,1909f56bfc062723c751e8b465ee728b)
Start importing Assets/escape room/Game GUI Vol1/WoodenBlocks/PNG/Star.png using Guid(1baa83bf7c9bb984f8d67a38db908e81) Importer(815301076,1909f56bfc062723c751e8b465ee728b)  -> (artifact id: '40088408cce15ff96101f0b16d85f178') in 0.014910 seconds 
========================================================================
Received Import Request.
  Time since last request: 0.000016 seconds.
  path: Assets/escape room/Game GUI Vol1/PurpleRock/PNG/GooglePlus.png
  artifactKey: Guid(bda91b7f5c0e84b4c8b7a1173c32f274) Importer(815301076,1909f56bfc062723c751e8b465ee728b)
Start importing Assets/escape room/Game GUI Vol1/PurpleRock/PNG/GooglePlus.png using Guid(bda91b7f5c0e84b4c8b7a1173c32f274) Importer(815301076,1909f56bfc062723c751e8b465ee728b)  -> (artifact id: '6d4128eeb28f85dd7a2e49e954385a30') in 0.015011 seconds 
========================================================================
Received Import Request.
  Time since last request: 0.000017 seconds.
  path: Assets/escape room/Game GUI Vol1/Playful/PNG/Trophy.png
  artifactKey: Guid(e855d56873919dc478e4cbd65383d9d4) Importer(815301076,1909f56bfc062723c751e8b465ee728b)
Start importing Assets/escape room/Game GUI Vol1/Playful/PNG/Trophy.png using Guid(e855d56873919dc478e4cbd65383d9d4) Importer(815301076,1909f56bfc062723c751e8b465ee728b)  -> (artifact id: '7ea59ab5daf32724dbb962b8c46a88af') in 0.018064 seconds 
========================================================================
Received Import Request.
  Time since last request: 0.000018 seconds.
  path: Assets/escape room/Game GUI Vol1/PurpleRock/PNG/Dollar.png
  artifactKey: Guid(f04dbb08db026ae46a8f5be432c55e61) Importer(815301076,1909f56bfc062723c751e8b465ee728b)
Start importing Assets/escape room/Game GUI Vol1/PurpleRock/PNG/Dollar.png using Guid(f04dbb08db026ae46a8f5be432c55e61) Importer(815301076,1909f56bfc062723c751e8b465ee728b)  -> (artifact id: '64dddaa1172685f6f0d37088dd2ad7b5') in 0.015884 seconds 
========================================================================
Received Import Request.
  Time since last request: 0.000019 seconds.
  path: Assets/escape room/Game GUI Vol1/Playful/PNG/LeftArrow2.png
  artifactKey: Guid(d92ada7d0ae93214bafabf7b59ddee8f) Importer(815301076,1909f56bfc062723c751e8b465ee728b)
Start importing Assets/escape room/Game GUI Vol1/Playful/PNG/LeftArrow2.png using Guid(d92ada7d0ae93214bafabf7b59ddee8f) Importer(815301076,1909f56bfc062723c751e8b465ee728b)  -> (artifact id: '71d4e0ac7ae7c6cfd026aeba0726328d') in 0.018817 seconds 
========================================================================
Received Import Request.
  Time since last request: 0.000066 seconds.
  path: Assets/escape room/Game GUI Vol1/LazyDay/PNG/Gamecenter.png
  artifactKey: Guid(d9ed9635ff200144c8a90e747e3daf0e) Importer(815301076,1909f56bfc062723c751e8b465ee728b)
Start importing Assets/escape room/Game GUI Vol1/LazyDay/PNG/Gamecenter.png using Guid(d9ed9635ff200144c8a90e747e3daf0e) Importer(815301076,1909f56bfc062723c751e8b465ee728b)  -> (artifact id: '5b7c01fda268f08a0ab5554a7947f5b7') in 0.015284 seconds 
========================================================================
Received Import Request.
  Time since last request: 0.000025 seconds.
  path: Assets/escape room/Game GUI Vol1/Playful/PNG/QuestionMark.png
  artifactKey: Guid(5a980cfd55c01c249a4fb50a0ec798cf) Importer(815301076,1909f56bfc062723c751e8b465ee728b)
Start importing Assets/escape room/Game GUI Vol1/Playful/PNG/QuestionMark.png using Guid(5a980cfd55c01c249a4fb50a0ec798cf) Importer(815301076,1909f56bfc062723c751e8b465ee728b)  -> (artifact id: '4adbb8f83aa2d24c239f95b866eed015') in 0.015376 seconds 
========================================================================
Received Import Request.
  Time since last request: 0.000016 seconds.
  path: Assets/escape room/Game GUI Vol1/WoodenBlocks/PNG/Facebook.png
  artifactKey: Guid(b19b02a10122c1640a93996c2cbc7ec6) Importer(815301076,1909f56bfc062723c751e8b465ee728b)
Start importing Assets/escape room/Game GUI Vol1/WoodenBlocks/PNG/Facebook.png using Guid(b19b02a10122c1640a93996c2cbc7ec6) Importer(815301076,1909f56bfc062723c751e8b465ee728b)  -> (artifact id: '3ed1446938f61ce1b13e677044560d6b') in 0.013697 seconds 
========================================================================
Received Import Request.
  Time since last request: 0.000029 seconds.
  path: Assets/escape room/Game GUI Vol1/WoodenBlocks/PNG/RightArrow2.png
  artifactKey: Guid(8603b734fc78e584a98332cc8f93c8ac) Importer(815301076,1909f56bfc062723c751e8b465ee728b)
Start importing Assets/escape room/Game GUI Vol1/WoodenBlocks/PNG/RightArrow2.png using Guid(8603b734fc78e584a98332cc8f93c8ac) Importer(815301076,1909f56bfc062723c751e8b465ee728b)  -> (artifact id: '630ca6da3565acc6d6a7670a1acba69c') in 0.013406 seconds 
========================================================================
Received Import Request.
  Time since last request: 0.000035 seconds.
  path: Assets/escape room/Game GUI Vol1/LazyDay/PNG/Restart.png
  artifactKey: Guid(18ec5e4c8a2c5b24cb899a534674eb9d) Importer(815301076,1909f56bfc062723c751e8b465ee728b)
Start importing Assets/escape room/Game GUI Vol1/LazyDay/PNG/Restart.png using Guid(18ec5e4c8a2c5b24cb899a534674eb9d) Importer(815301076,1909f56bfc062723c751e8b465ee728b)  -> (artifact id: 'fb4b948dbadd92d8b82814401dffd4fa') in 0.017000 seconds 
========================================================================
Received Import Request.
  Time since last request: 0.000016 seconds.
  path: Assets/escape room/Game GUI Vol1/PurpleRock/PNG/Settings.png
  artifactKey: Guid(fcc99bb993cd5f6449d3b3d8778c4ba5) Importer(815301076,1909f56bfc062723c751e8b465ee728b)
Start importing Assets/escape room/Game GUI Vol1/PurpleRock/PNG/Settings.png using Guid(fcc99bb993cd5f6449d3b3d8778c4ba5) Importer(815301076,1909f56bfc062723c751e8b465ee728b)  -> (artifact id: '5d11c151706f105e90e81dc5344684a4') in 0.016859 seconds 
========================================================================
Received Import Request.
  Time since last request: 0.000015 seconds.
  path: Assets/escape room/SketchUp/test Room/Wallpaper_Stripe.jpg
  artifactKey: Guid(80dc63e3b45de3546a77c4b3003e04f8) Importer(815301076,1909f56bfc062723c751e8b465ee728b)
Start importing Assets/escape room/SketchUp/test Room/Wallpaper_Stripe.jpg using Guid(80dc63e3b45de3546a77c4b3003e04f8) Importer(815301076,1909f56bfc062723c751e8b465ee728b)  -> (artifact id: '3ec105fe58f05d3c08b0188bf83cdf58') in 0.042023 seconds 
========================================================================
Received Import Request.
  Time since last request: 0.000015 seconds.
  path: Assets/escape room/Game GUI Vol1/PurpleRock/PNG/SoundON.png
  artifactKey: Guid(e59bc1291046eed43b5bf972443e98e1) Importer(815301076,1909f56bfc062723c751e8b465ee728b)
Start importing Assets/escape room/Game GUI Vol1/PurpleRock/PNG/SoundON.png using Guid(e59bc1291046eed43b5bf972443e98e1) Importer(815301076,1909f56bfc062723c751e8b465ee728b)  -> (artifact id: 'e959a77e4ba4cd2a72555b60236bdb5e') in 0.014965 seconds 
========================================================================
Received Import Request.
  Time since last request: 0.000059 seconds.
  path: Assets/escape room/Game GUI Vol1/WoodenBlocks/PNG/Shop.png
  artifactKey: Guid(9430c3bd13b700044b94b26c6886e474) Importer(815301076,1909f56bfc062723c751e8b465ee728b)
Start importing Assets/escape room/Game GUI Vol1/WoodenBlocks/PNG/Shop.png using Guid(9430c3bd13b700044b94b26c6886e474) Importer(815301076,1909f56bfc062723c751e8b465ee728b)  -> (artifact id: '74841eb9d96c60258421164f453a5a10') in 0.013827 seconds 
========================================================================
Received Import Request.
  Time since last request: 0.000015 seconds.
  path: Assets/escape room/Game GUI Vol1/Playful/Sprites/PlayfulBG-resized.png
  artifactKey: Guid(a6689c798d56b6045b7df1d0fc1cfe7a) Importer(815301076,1909f56bfc062723c751e8b465ee728b)
Start importing Assets/escape room/Game GUI Vol1/Playful/Sprites/PlayfulBG-resized.png using Guid(a6689c798d56b6045b7df1d0fc1cfe7a) Importer(815301076,1909f56bfc062723c751e8b465ee728b)  -> (artifact id: '848e536276d866199a39220ce364a2c3') in 0.023351 seconds 
========================================================================
Received Import Request.
  Time since last request: 0.000026 seconds.
  path: Assets/escape room/SketchUp/test Room/_3.jpg
  artifactKey: Guid(808f22c793a813f41bec64800ffe6506) Importer(815301076,1909f56bfc062723c751e8b465ee728b)
Start importing Assets/escape room/SketchUp/test Room/_3.jpg using Guid(808f22c793a813f41bec64800ffe6506) Importer(815301076,1909f56bfc062723c751e8b465ee728b)  -> (artifact id: 'b562bb53a16550ef19c17a6c87016d50') in 0.050183 seconds 
========================================================================
Received Import Request.
  Time since last request: 0.000037 seconds.
  path: Assets/escape room/Game GUI Vol1/WoodenBlocks/PNG/Backward.png
  artifactKey: Guid(8e5538de68fae5f43bbe09ebbe39a056) Importer(815301076,1909f56bfc062723c751e8b465ee728b)
Start importing Assets/escape room/Game GUI Vol1/WoodenBlocks/PNG/Backward.png using Guid(8e5538de68fae5f43bbe09ebbe39a056) Importer(815301076,1909f56bfc062723c751e8b465ee728b)  -> (artifact id: 'd3dd1ec58492de6580a86df0689b50fa') in 0.013329 seconds 
========================================================================
Received Import Request.
  Time since last request: 0.000034 seconds.
  path: Assets/escape room/Game GUI Vol1/Playful/PNG/UpArrow.png
  artifactKey: Guid(bcc01696451e9844babb214fcc540057) Importer(815301076,1909f56bfc062723c751e8b465ee728b)
Start importing Assets/escape room/Game GUI Vol1/Playful/PNG/UpArrow.png using Guid(bcc01696451e9844babb214fcc540057) Importer(815301076,1909f56bfc062723c751e8b465ee728b)  -> (artifact id: 'f5d1ed5cd93a2d19b1b777627d2483f2') in 0.014047 seconds 
========================================================================
Received Import Request.
  Time since last request: 0.000018 seconds.
  path: Assets/escape room/Game GUI Vol1/Playful/PNG/GameCenter.png
  artifactKey: Guid(f7692989990f809418ef2a34f7e8a15f) Importer(815301076,1909f56bfc062723c751e8b465ee728b)
Start importing Assets/escape room/Game GUI Vol1/Playful/PNG/GameCenter.png using Guid(f7692989990f809418ef2a34f7e8a15f) Importer(815301076,1909f56bfc062723c751e8b465ee728b)  -> (artifact id: '0f0d2ad7bb7060de93348aeb8af65aa8') in 0.015826 seconds 
========================================================================
Received Import Request.
  Time since last request: 0.000023 seconds.
  path: Assets/escape room/SketchUp/test Room/_4.jpg
  artifactKey: Guid(a8a8f4d2bdf8329418ec4e45bfbf028e) Importer(815301076,1909f56bfc062723c751e8b465ee728b)
Start importing Assets/escape room/SketchUp/test Room/_4.jpg using Guid(a8a8f4d2bdf8329418ec4e45bfbf028e) Importer(815301076,1909f56bfc062723c751e8b465ee728b)  -> (artifact id: 'b1a558fe2788b97d633710da750d08c9') in 0.027036 seconds 
========================================================================
Received Import Request.
  Time since last request: 0.000023 seconds.
  path: Assets/escape room/Game GUI Vol1/WoodenBlocks/PNG/Home.png
  artifactKey: Guid(5b98346cffe46494ba37c9a7a018db42) Importer(815301076,1909f56bfc062723c751e8b465ee728b)
Start importing Assets/escape room/Game GUI Vol1/WoodenBlocks/PNG/Home.png using Guid(5b98346cffe46494ba37c9a7a018db42) Importer(815301076,1909f56bfc062723c751e8b465ee728b)  -> (artifact id: '9972c84682c80985e783437e69a25202') in 0.011566 seconds 
========================================================================
Received Import Request.
  Time since last request: 0.000043 seconds.
  path: Assets/escape room/Game GUI Vol1/PurpleRock/PNG/Info.png
  artifactKey: Guid(5a42b7e5193459e40a064329e7514df5) Importer(815301076,1909f56bfc062723c751e8b465ee728b)
Start importing Assets/escape room/Game GUI Vol1/PurpleRock/PNG/Info.png using Guid(5a42b7e5193459e40a064329e7514df5) Importer(815301076,1909f56bfc062723c751e8b465ee728b)  -> (artifact id: 'b0925966697a16d6248a7bc9ec8f592d') in 0.014443 seconds 
========================================================================
Received Import Request.
  Time since last request: 0.000015 seconds.
  path: Assets/escape room/Game GUI Vol1/PurpleRock/PNG/LeftArrow.png
  artifactKey: Guid(b28f4a9041e810f49ac582ae686340d8) Importer(815301076,1909f56bfc062723c751e8b465ee728b)
Start importing Assets/escape room/Game GUI Vol1/PurpleRock/PNG/LeftArrow.png using Guid(b28f4a9041e810f49ac582ae686340d8) Importer(815301076,1909f56bfc062723c751e8b465ee728b)  -> (artifact id: '5b117ff551b46e1e198b7b29a7a3a05d') in 0.015738 seconds 
========================================================================
Received Import Request.
  Time since last request: 0.000017 seconds.
  path: Assets/escape room/Game GUI Vol1/WoodenBlocks/Sprites/WoodenBG-resized.png
  artifactKey: Guid(bf69e59976a29dc47ad97b11bd52416a) Importer(815301076,1909f56bfc062723c751e8b465ee728b)
Start importing Assets/escape room/Game GUI Vol1/WoodenBlocks/Sprites/WoodenBG-resized.png using Guid(bf69e59976a29dc47ad97b11bd52416a) Importer(815301076,1909f56bfc062723c751e8b465ee728b)  -> (artifact id: 'f0cbcb0f30c01602a8f31aa88f60e963') in 0.021060 seconds 
========================================================================
Received Import Request.
  Time since last request: 0.000013 seconds.
  path: Assets/escape room/Game GUI Vol1/Playful/PNG/Play.png
  artifactKey: Guid(e1e40073e8290e8439b027c466044703) Importer(815301076,1909f56bfc062723c751e8b465ee728b)
Start importing Assets/escape room/Game GUI Vol1/Playful/PNG/Play.png using Guid(e1e40073e8290e8439b027c466044703) Importer(815301076,1909f56bfc062723c751e8b465ee728b)  -> (artifact id: '03c7c6d28b5534a70ff05a020094c593') in 0.014210 seconds 
========================================================================
Received Import Request.
  Time since last request: 0.000015 seconds.
  path: Assets/escape room/Game GUI Vol1/LazyDay/PNG/Trophy.png
  artifactKey: Guid(9e6b56fd9b81374469b082418333c8e4) Importer(815301076,1909f56bfc062723c751e8b465ee728b)
Start importing Assets/escape room/Game GUI Vol1/LazyDay/PNG/Trophy.png using Guid(9e6b56fd9b81374469b082418333c8e4) Importer(815301076,1909f56bfc062723c751e8b465ee728b)  -> (artifact id: 'cd391d74e853997a45a313faad21d5a6') in 0.014483 seconds 
========================================================================
Received Import Request.
  Time since last request: 0.000019 seconds.
  path: Assets/escape room/Game GUI Vol1/PurpleRock/PNG/Yes.png
  artifactKey: Guid(c9211c021a907d3458b25620008d5d62) Importer(815301076,1909f56bfc062723c751e8b465ee728b)
Start importing Assets/escape room/Game GUI Vol1/PurpleRock/PNG/Yes.png using Guid(c9211c021a907d3458b25620008d5d62) Importer(815301076,1909f56bfc062723c751e8b465ee728b)  -> (artifact id: 'c807e9c584b89ee5f553fe2afe4f5e90') in 0.016788 seconds 
========================================================================
Received Import Request.
  Time since last request: 0.000026 seconds.
  path: Assets/escape room/Game GUI Vol1/PurpleRock/PNG/Cancel.png
  artifactKey: Guid(860ca3f1ff030bc4a991503def568baf) Importer(815301076,1909f56bfc062723c751e8b465ee728b)
Start importing Assets/escape room/Game GUI Vol1/PurpleRock/PNG/Cancel.png using Guid(860ca3f1ff030bc4a991503def568baf) Importer(815301076,1909f56bfc062723c751e8b465ee728b)  -> (artifact id: '083ba1339e6d0b45fcd1b19cc9c10e94') in 0.014387 seconds 
========================================================================
Received Import Request.
  Time since last request: 7.130541 seconds.
  path: Assets/escape room/Game GUI Vol1/LazyDay/Sprites/LazyDayBG-resized.png
  artifactKey: Guid(a4ed211c33e59fa478c87ebb6fb83033) Importer(815301076,1909f56bfc062723c751e8b465ee728b)
Start importing Assets/escape room/Game GUI Vol1/LazyDay/Sprites/LazyDayBG-resized.png using Guid(a4ed211c33e59fa478c87ebb6fb83033) Importer(815301076,1909f56bfc062723c751e8b465ee728b)  -> (artifact id: '26bbd98785f057ee748e4af7fb091e80') in 0.022027 seconds 
========================================================================
Received Import Request.
  Time since last request: 0.009386 seconds.
  path: Assets/escape room/Game GUI Vol1/PurpleRock/Sprites/PurpleRockBG-resized.png
  artifactKey: Guid(bd9fc31f8aeefe7458400e8e67f24231) Importer(815301076,1909f56bfc062723c751e8b465ee728b)
Start importing Assets/escape room/Game GUI Vol1/PurpleRock/Sprites/PurpleRockBG-resized.png using Guid(bd9fc31f8aeefe7458400e8e67f24231) Importer(815301076,1909f56bfc062723c751e8b465ee728b)  -> (artifact id: 'd490a4befb2faacf92771763280e5826') in 0.025131 seconds 
========================================================================
Received Import Request.
  Time since last request: 0.000043 seconds.
  path: Assets/escape room/Game GUI Vol1/LazyDay/PNG/UpArrow.png
  artifactKey: Guid(55d7c6902f3ce504f82ad93a258e3c67) Importer(815301076,1909f56bfc062723c751e8b465ee728b)
Start importing Assets/escape room/Game GUI Vol1/LazyDay/PNG/UpArrow.png using Guid(55d7c6902f3ce504f82ad93a258e3c67) Importer(815301076,1909f56bfc062723c751e8b465ee728b)  -> (artifact id: '10bc48929f72e3bbf7e3bd71289c6276') in 0.016471 seconds 
========================================================================
Received Import Request.
  Time since last request: 3.665146 seconds.
  path: Assets/escape room/Game GUI Vol1/WoodenBlocks/PNG/Menu.png
  artifactKey: Guid(eb65703442907c1458363fa0de7973e7) Importer(815301076,1909f56bfc062723c751e8b465ee728b)
Start importing Assets/escape room/Game GUI Vol1/WoodenBlocks/PNG/Menu.png using Guid(eb65703442907c1458363fa0de7973e7) Importer(815301076,1909f56bfc062723c751e8b465ee728b)  -> (artifact id: '8a60c7114b33a52703d5bbdb34ca7d60') in 0.011534 seconds 
========================================================================
Received Import Request.
  Time since last request: 0.038457 seconds.
  path: Assets/escape room/Game GUI Vol1/LazyDay/PNG/RightArrow.png
  artifactKey: Guid(a04a5a641566a2042800b711530e6095) Importer(815301076,1909f56bfc062723c751e8b465ee728b)
Start importing Assets/escape room/Game GUI Vol1/LazyDay/PNG/RightArrow.png using Guid(a04a5a641566a2042800b711530e6095) Importer(815301076,1909f56bfc062723c751e8b465ee728b)  -> (artifact id: '69804638c2baadc02043a84e9f78113d') in 0.017540 seconds 
========================================================================
Received Import Request.
  Time since last request: 0.019733 seconds.
  path: Assets/escape room/Game GUI Vol1/Playful/PNG/Shop.png
  artifactKey: Guid(3b0408119f8dacb428f0210c989eb871) Importer(815301076,1909f56bfc062723c751e8b465ee728b)
Start importing Assets/escape room/Game GUI Vol1/Playful/PNG/Shop.png using Guid(3b0408119f8dacb428f0210c989eb871) Importer(815301076,1909f56bfc062723c751e8b465ee728b)  -> (artifact id: 'd5eac0cbfb3d59461bea141b65561621') in 0.012693 seconds 
========================================================================
Received Import Request.
  Time since last request: 3.326583 seconds.
  path: Assets/escape room/Game GUI Vol1/PurpleRock/PNG/Star.png
  artifactKey: Guid(bb4202281b14fc54b9d103a1da29a9a0) Importer(815301076,1909f56bfc062723c751e8b465ee728b)
Start importing Assets/escape room/Game GUI Vol1/PurpleRock/PNG/Star.png using Guid(bb4202281b14fc54b9d103a1da29a9a0) Importer(815301076,1909f56bfc062723c751e8b465ee728b)  -> (artifact id: 'efe1c6c7ddd75e68b6e11771be8eac51') in 0.015129 seconds 
========================================================================
Received Prepare
Registering precompiled user dll's ...
Registered in 0.009126 seconds.
Begin MonoManager ReloadAssembly
Symbol file LoadedFromMemory doesn't match image C:\Users\admin\Documents\GitHub\ALL2\Library\PackageCache\com.unity.visualscripting@1.7.8\Editor\VisualScripting.Core\Dependencies\YamlDotNet\Unity.VisualScripting.YamlDotNet.dll
Symbol file LoadedFromMemory doesn't match image C:\Users\admin\Documents\GitHub\ALL2\Library\PackageCache\com.unity.visualscripting@1.7.8\Editor\VisualScripting.Core\Dependencies\DotNetZip\Unity.VisualScripting.IonicZip.dll
Native extension for WindowsStandalone target not found
Native extension for Android target not found
Refreshing native plugins compatible for Editor in 0.52 ms, found 3 plugins.
Preloading 0 native plugins for Editor in 0.00 ms.
Mono: successfully reloaded assembly
- Completed reload, in  0.956 seconds
Domain Reload Profiling:
	ReloadAssembly (956ms)
		BeginReloadAssembly (154ms)
			ExecutionOrderSort (0ms)
			DisableScriptedObjects (4ms)
			BackupInstance (0ms)
			ReleaseScriptingObjects (0ms)
			CreateAndSetChildDomain (32ms)
		EndReloadAssembly (700ms)
			LoadAssemblies (115ms)
			RebuildTransferFunctionScriptingTraits (0ms)
			SetupTypeCache (220ms)
			ReleaseScriptCaches (1ms)
			RebuildScriptCaches (33ms)
			SetupLoadedEditorAssemblies (316ms)
				LogAssemblyErrors (0ms)
				InitializePlatformSupportModulesInManaged (22ms)
				SetLoadedEditorAssemblies (0ms)
				RefreshPlugins (1ms)
				BeforeProcessingInitializeOnLoad (84ms)
				ProcessInitializeOnLoadAttributes (167ms)
				ProcessInitializeOnLoadMethodAttributes (23ms)
				AfterProcessingInitializeOnLoad (19ms)
				EditorAssembliesLoaded (0ms)
			ExecutionOrderSort2 (0ms)
			AwakeInstancesAfterBackupRestoration (7ms)
Platform modules already initialized, skipping
Refreshing native plugins compatible for Editor in 1.97 ms, found 3 plugins.
Preloading 0 native plugins for Editor in 0.00 ms.
Unloading 3424 Unused Serialized files (Serialized files now loaded: 0)
Unloading 33 unused Assets / (0.7 MB). Loaded Objects now: 3912.
Memory consumption went from 125.9 MB to 125.1 MB.
Total: 2.416400 ms (FindLiveObjects: 0.228300 ms CreateObjectMapping: 0.140400 ms MarkObjects: 1.769100 ms  DeleteObjects: 0.278100 ms)

AssetImportParameters requested are different than current active one (requested -> active):
  custom:video-decoder-ogg-theora: a1e56fd34408186e4bbccfd4996cb3dc -> 
  custom:container-muxer-webm: aa71ff27fc2769a1b78a27578f13a17b -> 
  custom:container-demuxer-webm: 4f35f7cbe854078d1ac9338744f61a02 -> 
  custom:video-encoder-webm-vp8: eb34c28f22e8b96e1ab97ce403110664 -> 
  custom:audio-encoder-webm-vorbis: bf7c407c2cedff20999df2af8eb42d56 -> 
  custom:framework-win-MediaFoundation: 216162199b28c13a410421893ffa2e32 -> 
  custom:container-demuxer-ogg: 62fdf1f143b41e24485cea50d1cbac27 -> 
  custom:video-decoder-webm-vp8: 9c59270c3fd7afecdb556c50c9e8de78 -> 
  custom:audio-decoder-ogg-vorbis: bf7c407c2cedff20999df2af8eb42d56 -> 
========================================================================
Received Import Request.
  Time since last request: 125.560072 seconds.
  path: Assets/TextMesh Pro/Examples & Extras/Resources/Fonts & Materials/Anton SDF.asset
  artifactKey: Guid(8a89fa14b10d46a99122fd4f73fca9a2) Importer(815301076,1909f56bfc062723c751e8b465ee728b)
Start importing Assets/TextMesh Pro/Examples & Extras/Resources/Fonts & Materials/Anton SDF.asset using Guid(8a89fa14b10d46a99122fd4f73fca9a2) Importer(815301076,1909f56bfc062723c751e8b465ee728b)  -> (artifact id: '7929f5be2105e4440b8597bef96ee282') in 0.126467 seconds 
========================================================================
Received Import Request.
  Time since last request: 0.000025 seconds.
  path: Assets/TextMesh Pro/Resources/Fonts & Materials/LiberationSans SDF - Fallback.asset
  artifactKey: Guid(2e498d1c8094910479dc3e1b768306a4) Importer(815301076,1909f56bfc062723c751e8b465ee728b)
Start importing Assets/TextMesh Pro/Resources/Fonts & Materials/LiberationSans SDF - Fallback.asset using Guid(2e498d1c8094910479dc3e1b768306a4) Importer(815301076,1909f56bfc062723c751e8b465ee728b)  -> (artifact id: '1399baaafacc37aa733a1c2ab0fc965d') in 0.021475 seconds 
========================================================================
Received Import Request.
  Time since last request: 0.000018 seconds.
  path: Assets/TextMesh Pro/Examples & Extras/Resources/Fonts & Materials/Electronic Highway Sign SDF.asset
  artifactKey: Guid(dc36b3fdc14f47ebb36fd484a67e268a) Importer(815301076,1909f56bfc062723c751e8b465ee728b)
Start importing Assets/TextMesh Pro/Examples & Extras/Resources/Fonts & Materials/Electronic Highway Sign SDF.asset using Guid(dc36b3fdc14f47ebb36fd484a67e268a) Importer(815301076,1909f56bfc062723c751e8b465ee728b)  -> (artifact id: 'ac15141e152be9146d4566f20315e6ec') in 0.013034 seconds 
========================================================================
Received Import Request.
  Time since last request: 0.000029 seconds.
  path: Assets/TextMesh Pro/Examples & Extras/Resources/Fonts & Materials/Roboto-Bold SDF.asset
  artifactKey: Guid(5302535af1044152a457ed104f1f4b91) Importer(815301076,1909f56bfc062723c751e8b465ee728b)
Start importing Assets/TextMesh Pro/Examples & Extras/Resources/Fonts & Materials/Roboto-Bold SDF.asset using Guid(5302535af1044152a457ed104f1f4b91) Importer(815301076,1909f56bfc062723c751e8b465ee728b)  -> (artifact id: 'a0a387f3319ebdaffc093a9f5584f7d8') in 0.011418 seconds 
========================================================================
Received Import Request.
  Time since last request: 0.000016 seconds.
  path: Assets/TextMesh Pro/Examples & Extras/Resources/Fonts & Materials/Oswald Bold SDF.asset
  artifactKey: Guid(0161d805a3764c089bef00bfe00793f5) Importer(815301076,1909f56bfc062723c751e8b465ee728b)
Start importing Assets/TextMesh Pro/Examples & Extras/Resources/Fonts & Materials/Oswald Bold SDF.asset using Guid(0161d805a3764c089bef00bfe00793f5) Importer(815301076,1909f56bfc062723c751e8b465ee728b)  -> (artifact id: '06005152b2f42f8bb0320a113ff59803') in 0.054222 seconds 
Editor requested this worker to shutdown with reason: Scaling down because of idle timeout
AssetImportWorker is now disconnected from the server
Process exiting
Exiting without the bug reporter. Application will terminate with return code 0